<?xml version="1.0" encoding="UTF-8"?>
<!-- Generated by org.testng.reporters.JUnitReportReporter -->
<testsuite hostname="C02F5AFSMD6M" failures="0" tests="3" name="org.Annotations.Tests.TestNGAnnotations" time="0.004" errors="0" timestamp="2022-10-05T13:30:57 IST" skipped="0">
  <testcase classname="org.Annotations.Tests.TestNGAnnotations" name="Test1" time="0.001"/>
  <system-out/>
  <testcase classname="org.Annotations.Tests.TestNGAnnotations" name="Test2" time="0.001"/>
  <system-out/>
  <testcase classname="org.Annotations.Tests.TestNGAnnotations" name="Test3" time="0.002"/>
  <system-out/>
</testsuite> <!-- org.Annotations.Tests.TestNGAnnotations -->
