<?xml version="1.0" encoding="UTF-8"?>
<!-- Generated by org.testng.reporters.JUnitReportReporter -->
<testsuite hostname="C02F5AFSMD6M" failures="0" tests="1" name="org.Amazon.BeforeAfterMethod.HomeTests" time="6.718" errors="0" timestamp="2022-10-05T13:30:57 IST" skipped="0">
  <testcase classname="org.Amazon.BeforeAfterMethod.HomeTests" name="TC_verifyTitle" time="6.718"/>
  <system-out/>
</testsuite> <!-- org.Amazon.BeforeAfterMethod.HomeTests -->
